INFO:root:processing file sursaud-covid19-quotidien
INFO:root:processing file sursaud-covid19-hebdomadaire
INFO:root:processing file donnees-hospitalieres-covid19
INFO:root:processing file donnees-hospitalieres-etablissements-covid19
INFO:root:processing file sursaud-covid19-quotidien
INFO:root:processing file sursaud-covid19-quotidien
INFO:root:processing file sursaud-covid19-quotidien
INFO:root:processing file sursaud-covid19-quotidien
INFO:root:processing file sursaud-covid19-quotidien
INFO:root:processing file sursaud-covid19-hebdomadaire
INFO:root:processing file donnees-hospitalieres-covid19
INFO:root:processing file donnees-hospitalieres-etablissements-covid19
INFO:root:processing file sursaud-covid19-quotidien
INFO:root:processing file sursaud-covid19-hebdomadaire
INFO:root:processing file donnees-hospitalieres-covid19
INFO:root:processing file donnees-hospitalieres-etablissements-covid19
INFO:root:processing file sursaud-covid19-quotidien
INFO:root:processing file sursaud-covid19-quotidien
INFO:root:processing file sursaud-covid19-quotidien
INFO:root:processing file sursaud-covid19-hebdomadaire
INFO:root:processing file donnees-hospitalieres-covid19
INFO:root:processing file donnees-hospitalieres-etablissements-covid19
INFO:root:processing file sursaud-covid19-quotidien
INFO:root:processing file sursaud-covid19-hebdomadaire
INFO:root:processing file donnees-hospitalieres-covid19
INFO:root:processing file donnees-hospitalieres-etablissements-covid19
INFO:root:processing file sursaud-covid19-quotidien
INFO:root:processing file sursaud-covid19-hebdomadaire
INFO:root:processing file donnees-hospitalieres-covid19
INFO:root:processing file donnees-hospitalieres-etablissements-covid19
INFO:root:processing file covid_troislabo_quot
INFO:root:processing file sursaud-covid19-quotidien
INFO:root:processing file sursaud-covid19-hebdomadaire
INFO:root:processing file donnees-hospitalieres-covid19
INFO:root:processing file donnees-hospitalieres-etablissements-covid19
INFO:root:processing file covid_troislabo_quot
INFO:root:processing file covid_troislabo_heb
INFO:root:processing file sursaud-covid19-quotidien
INFO:root:processing file sursaud-covid19-hebdomadaire
INFO:root:processing file donnees-hospitalieres-covid19
INFO:root:processing file sursaud-covid19-quotidien
INFO:root:processing file sursaud-covid19-hebdomadaire
INFO:root:processing file donnees-hospitalieres-covid19
INFO:root:processing file donnees-hospitalieres-etablissements-covid19
INFO:root:processing file covid_troislabo_quot
INFO:root:processing file covid_troislabo_heb
INFO:root:processing file sursaud-covid19-quotidien
INFO:root:processing file sursaud-covid19-hebdomadaire
INFO:root:processing file donnees-hospitalieres-covid19
INFO:root:processing file donnees-hospitalieres-etablissements-covid19
INFO:root:processing file covid_troislabo_quot
INFO:root:processing file covid_troislabo_heb
INFO:root:processing file sursaud-covid19-quotidien
INFO:root:processing file sursaud-covid19-hebdomadaire
INFO:root:processing file donnees-hospitalieres-covid19
INFO:root:processing file donnees-hospitalieres-etablissements-covid19
INFO:root:processing file covid_troislabo_quot
INFO:root:processing file covid_troislabo_heb
INFO:root:processing file sursaud-covid19-quotidien
INFO:root:processing file sursaud-covid19-hebdomadaire
INFO:root:processing file donnees-hospitalieres-covid19
INFO:root:processing file donnees-hospitalieres-etablissements-covid19
INFO:root:processing file covid_troislabo_quot
INFO:root:processing file covid_troislabo_heb
INFO:root:processing file sursaud-covid19-quotidien
INFO:root:processing file sursaud-covid19-hebdomadaire
INFO:root:processing file donnees-hospitalieres-covid19
INFO:root:processing file donnees-hospitalieres-etablissements-covid19
INFO:root:processing file covid_troislabo_quot
INFO:root:processing file covid_troislabo_heb
INFO:root:processing file sursaud-covid19-quotidien
INFO:root:processing file sursaud-covid19-hebdomadaire
INFO:root:processing file donnees-hospitalieres-covid19
INFO:root:processing file donnees-hospitalieres-etablissements-covid19
INFO:root:processing file covid_troislabo_quot
INFO:root:processing file covid_troislabo_heb
INFO:root:processing file sursaud-covid19-quotidien
INFO:root:processing file sursaud-covid19-hebdomadaire
INFO:root:processing file donnees-hospitalieres-covid19
INFO:root:processing file sursaud-covid19-quotidien
INFO:root:processing file sursaud-covid19-hebdomadaire
INFO:root:processing file donnees-hospitalieres-covid19
INFO:root:processing file sursaud-covid19-quotidien
INFO:root:processing file sursaud-covid19-hebdomadaire
INFO:root:processing file donnees-hospitalieres-covid19
INFO:root:processing file sursaud-covid19-quotidien
INFO:root:processing file sursaud-covid19-hebdomadaire
INFO:root:processing file donnees-hospitalieres-covid19
INFO:root:processing file donnees-hospitalieres-etablissements-covid19
INFO:root:processing file covid_troislabo_quot
INFO:root:processing file covid_troislabo_heb
INFO:root:processing file sursaud-covid19-quotidien
INFO:root:processing file sursaud-covid19-hebdomadaire
INFO:root:processing file donnees-hospitalieres-covid19
INFO:root:processing file donnees-hospitalieres-etablissements-covid19
WARNING:root:Error : list index out of range. File corresponding to covid_troislabo_quot not found
INFO:root:processing file sursaud-covid19-quotidien
INFO:root:processing file sursaud-covid19-hebdomadaire
INFO:root:processing file donnees-hospitalieres-covid19
INFO:root:processing file sursaud-covid19-quotidien
INFO:root:processing file sursaud-covid19-hebdomadaire
INFO:root:processing file donnees-hospitalieres-covid19
INFO:root:processing file donnees-hospitalieres-etablissements-covid19
WARNING:root:Error : list index out of range. File corresponding to covid_troislabo_quot not found
INFO:root:processing file sursaud-covid19-quotidien
INFO:root:processing file sursaud-covid19-hebdomadaire
INFO:root:processing file donnees-hospitalieres-covid19
INFO:root:processing file donnees-hospitalieres-etablissements-covid19
INFO:root:processing file donnees-tests-covid19-labo-quotidien
INFO:root:processing file donnees-tests-covid19-labo-hebdomadaire
INFO:root:processing file sursaud-covid19-quotidien
INFO:root:processing file sursaud-covid19-hebdomadaire
INFO:root:processing file donnees-hospitalieres-covid19
INFO:root:processing file donnees-hospitalieres-etablissements-covid19
INFO:root:processing file donnees-tests-covid19-labo-quotidien
INFO:root:processing file donnees-tests-covid19-labo-hebdomadaire
INFO:root:processing file sursaud-covid19-quotidien
INFO:root:processing file sursaud-covid19-hebdomadaire
INFO:root:processing file donnees-hospitalieres-covid19
INFO:root:processing file donnees-hospitalieres-etablissements-covid19
INFO:root:processing file donnees-tests-covid19-labo-quotidien
INFO:root:processing file donnees-tests-covid19-labo-hebdomadaire
INFO:root:processing file sursaud-covid19-quotidien
INFO:root:processing file sursaud-covid19-hebdomadaire
INFO:root:processing file donnees-hospitalieres-covid19
INFO:root:processing file donnees-hospitalieres-etablissements-covid19
INFO:root:processing file donnees-tests-covid19-labo-quotidien
INFO:root:processing file donnees-tests-covid19-labo-hebdomadaire
INFO:root:processing file sursaud-covid19-quotidien
INFO:root:processing file sursaud-covid19-hebdomadaire
INFO:root:processing file donnees-hospitalieres-covid19
INFO:root:processing file sursaud-covid19-quotidien
INFO:root:processing file sursaud-covid19-hebdomadaire
INFO:root:processing file donnees-hospitalieres-covid19
INFO:root:processing file donnees-hospitalieres-etablissements-covid19
INFO:root:processing file donnees-tests-covid19-labo-quotidien
INFO:root:processing file donnees-tests-covid19-labo-hebdomadaire
INFO:root:processing file sursaud-covid19-quotidien
INFO:root:processing file sursaud-covid19-hebdomadaire
INFO:root:processing file donnees-hospitalieres-covid19
INFO:root:processing file donnees-hospitalieres-etablissements-covid19
INFO:root:processing file donnees-tests-covid19-labo-quotidien
INFO:root:processing file donnees-tests-covid19-labo-hebdomadaire
INFO:root:processing file sursaud-covid19-quotidien
INFO:root:processing file sursaud-covid19-hebdomadaire
INFO:root:processing file donnees-hospitalieres-covid19
INFO:root:processing file donnees-hospitalieres-etablissements-covid19
INFO:root:processing file donnees-tests-covid19-labo-quotidien
INFO:root:processing file donnees-tests-covid19-labo-hebdomadaire
INFO:root:processing file sursaud-covid19-quotidien
INFO:root:processing file sursaud-covid19-hebdomadaire
INFO:root:processing file donnees-hospitalieres-covid19
WARNING:root:Error : list index out of range. File corresponding to donnees-hospitalieres-etablissements-covid19 not found
INFO:root:processing file donnees-tests-covid19-labo-quotidien
INFO:root:processing file donnees-tests-covid19-labo-hebdomadaire
INFO:root:processing file sursaud-covid19-quotidien
INFO:root:processing file sursaud-covid19-hebdomadaire
INFO:root:processing file donnees-hospitalieres-covid19
INFO:root:processing file donnees-hospitalieres-etablissements-covid19
INFO:root:processing file donnees-tests-covid19-labo-quotidien
INFO:root:processing file donnees-tests-covid19-labo-hebdomadaire
WARNING:root:Error : list index out of range. File corresponding to sursaud-covid19-quotidien not found
WARNING:root:Error : list index out of range. File corresponding to sursaud-covid19-hebdomadaire not found
INFO:root:processing file donnees-hospitalieres-covid19
INFO:root:processing file donnees-hospitalieres-etablissements-covid19
WARNING:root:Error : list index out of range. File corresponding to donnees-tests-covid19-labo-quotidien not found
INFO:root:processing file sursaud-covid19-quotidien
WARNING:root:Error : list index out of range. File corresponding to sursaud-covid19-hebdomadaire not found
INFO:root:processing file donnees-hospitalieres-covid19
INFO:root:processing file donnees-hospitalieres-etablissements-covid19
INFO:root:processing file donnees-tests-covid19-labo-quotidien
WARNING:root:Error : list index out of range. File corresponding to donnees-tests-covid19-labo-hebdomadaire not found
INFO:root:processing file sursaud-covid19-quotidien
INFO:root:processing file sursaud-covid19-hebdomadaire
INFO:root:processing file donnees-hospitalieres-covid19
INFO:root:processing file donnees-hospitalieres-etablissements-covid19
INFO:root:processing file donnees-tests-covid19-labo-quotidien
INFO:root:processing file donnees-tests-covid19-labo-hebdomadaire
WARNING:root:Error : <urlopen error [SSL: CERTIFICATE_VERIFY_FAILED] certificate verify failed: self signed certificate in certificate chain (_ssl.c:1045)>. File corresponding to sursaud-covid19-quotidien could not be fetched
WARNING:root:Error : <urlopen error [SSL: CERTIFICATE_VERIFY_FAILED] certificate verify failed: self signed certificate in certificate chain (_ssl.c:1045)>. File corresponding to sursaud-covid19-hebdomadaire could not be fetched
WARNING:root:Error : <urlopen error [SSL: CERTIFICATE_VERIFY_FAILED] certificate verify failed: self signed certificate in certificate chain (_ssl.c:1045)>. File corresponding to donnees-hospitalieres-covid19 could not be fetched
WARNING:root:Error : <urlopen error [SSL: CERTIFICATE_VERIFY_FAILED] certificate verify failed: self signed certificate in certificate chain (_ssl.c:1045)>. File corresponding to donnees-hospitalieres-etablissements-covid19 not could not be fetched
WARNING:root:Error : <urlopen error [SSL: CERTIFICATE_VERIFY_FAILED] certificate verify failed: self signed certificate in certificate chain (_ssl.c:1045)>. File corresponding to donnees-tests-covid19-labo-quotidien not could not be fetched
INFO:root:processing file sursaud-covid19-quotidien
INFO:root:processing file sursaud-covid19-hebdomadaire
INFO:root:processing file donnees-hospitalieres-covid19
INFO:root:processing file donnees-hospitalieres-etablissements-covid19
INFO:root:processing file donnees-tests-covid19-labo-quotidien
INFO:root:processing file donnees-tests-covid19-labo-hebdomadaire
